This is pdfTeX, Version 3.141592653-2.6-1.40.24 (TeX Live 2022) (preloaded format=pdflatex 2023.1.10)  19 AUG 2023 19:38
entering extended mode
 restricted \write18 enabled.
 %&-line parsing enabled.
**marray-notes.tex
(./marray-notes.tex
LaTeX2e <2021-11-15> patch level 1
L3 programming layer <2022-02-24>
(/usr/local/texlive/2022/texmf-dist/tex/latex/base/article.cls
Document Class: article 2021/10/04 v1.4n Standard LaTeX document class
(/usr/local/texlive/2022/texmf-dist/tex/latex/base/size10.clo
File: size10.clo 2021/10/04 v1.4n Standard LaTeX file (size option)
)
\c@part=\count185
\c@section=\count186
\c@subsection=\count187
\c@subsubsection=\count188
\c@paragraph=\count189
\c@subparagraph=\count190
\c@figure=\count191
\c@table=\count192
\abovecaptionskip=\skip47
\belowcaptionskip=\skip48
\bibindent=\dimen138
)
(/usr/local/texlive/2022/texmf-dist/tex/latex/graphics/graphicx.sty
Package: graphicx 2021/09/16 v1.2d Enhanced LaTeX Graphics (DPC,SPQR)

(/usr/local/texlive/2022/texmf-dist/tex/latex/graphics/keyval.sty
Package: keyval 2014/10/28 v1.15 key=value parser (DPC)
\KV@toks@=\toks16
)
(/usr/local/texlive/2022/texmf-dist/tex/latex/graphics/graphics.sty
Package: graphics 2021/03/04 v1.4d Standard LaTeX Graphics (DPC,SPQR)

(/usr/local/texlive/2022/texmf-dist/tex/latex/graphics/trig.sty
Package: trig 2021/08/11 v1.11 sin cos tan (DPC)
)
(/usr/local/texlive/2022/texmf-dist/tex/latex/graphics-cfg/graphics.cfg
File: graphics.cfg 2016/06/04 v1.11 sample graphics configuration
)
Package graphics Info: Driver file: pdftex.def on input line 107.

(/usr/local/texlive/2022/texmf-dist/tex/latex/graphics-def/pdftex.def
File: pdftex.def 2020/10/05 v1.2a Graphics/color driver for pdftex
))
\Gin@req@height=\dimen139
\Gin@req@width=\dimen140
)
(/usr/local/texlive/2022/texmf-dist/tex/latex/xcolor/xcolor.sty
Package: xcolor 2021/10/31 v2.13 LaTeX color extensions (UK)

(/usr/local/texlive/2022/texmf-dist/tex/latex/graphics-cfg/color.cfg
File: color.cfg 2016/01/02 v1.6 sample color configuration
)
Package xcolor Info: Driver file: pdftex.def on input line 227.
Package xcolor Info: Model `cmy' substituted by `cmy0' on input line 1352.
Package xcolor Info: Model `hsb' substituted by `rgb' on input line 1356.
Package xcolor Info: Model `RGB' extended on input line 1368.
Package xcolor Info: Model `HTML' substituted by `rgb' on input line 1370.
Package xcolor Info: Model `Hsb' substituted by `hsb' on input line 1371.
Package xcolor Info: Model `tHsb' substituted by `hsb' on input line 1372.
Package xcolor Info: Model `HSB' substituted by `hsb' on input line 1373.
Package xcolor Info: Model `Gray' substituted by `gray' on input line 1374.
Package xcolor Info: Model `wave' substituted by `hsb' on input line 1375.
)
(/usr/local/texlive/2022/texmf-dist/tex/latex/framed/framed.sty
Package: framed 2011/10/22 v 0.96: framed or shaded text with page breaks
\OuterFrameSep=\skip49
\fb@frw=\dimen141
\fb@frh=\dimen142
\FrameRule=\dimen143
\FrameSep=\dimen144
)
(/usr/local/texlive/2022/texmf-dist/tex/latex/base/alltt.sty
Package: alltt 2021/01/29 v2.0g defines alltt environment
)
(/usr/local/texlive/2022/texmf-dist/tex/latex/a4wide/a4wide.sty
Package: a4wide 1994/08/30

(/usr/local/texlive/2022/texmf-dist/tex/latex/ntgclass/a4.sty
Package: a4 2020/02/18 v1.2g A4 based page layout
))
(/usr/local/texlive/2022/texmf-dist/tex/latex/amsmath/amsmath.sty
Package: amsmath 2021/10/15 v2.17l AMS math features
\@mathmargin=\skip50

For additional information on amsmath, use the `?' option.
(/usr/local/texlive/2022/texmf-dist/tex/latex/amsmath/amstext.sty
Package: amstext 2021/08/26 v2.01 AMS text

(/usr/local/texlive/2022/texmf-dist/tex/latex/amsmath/amsgen.sty
File: amsgen.sty 1999/11/30 v2.0 generic functions
\@emptytoks=\toks17
\ex@=\dimen145
))
(/usr/local/texlive/2022/texmf-dist/tex/latex/amsmath/amsbsy.sty
Package: amsbsy 1999/11/29 v1.2d Bold Symbols
\pmbraise@=\dimen146
)
(/usr/local/texlive/2022/texmf-dist/tex/latex/amsmath/amsopn.sty
Package: amsopn 2021/08/26 v2.02 operator names
)
\inf@bad=\count193
LaTeX Info: Redefining \frac on input line 234.
\uproot@=\count194
\leftroot@=\count195
LaTeX Info: Redefining \overline on input line 399.
\classnum@=\count196
\DOTSCASE@=\count197
LaTeX Info: Redefining \ldots on input line 496.
LaTeX Info: Redefining \dots on input line 499.
LaTeX Info: Redefining \cdots on input line 620.
\Mathstrutbox@=\box50
\strutbox@=\box51
\big@size=\dimen147
LaTeX Font Info:    Redeclaring font encoding OML on input line 743.
LaTeX Font Info:    Redeclaring font encoding OMS on input line 744.
\macc@depth=\count198
\c@MaxMatrixCols=\count199
\dotsspace@=\muskip16
\c@parentequation=\count266
\dspbrk@lvl=\count267
\tag@help=\toks18
\row@=\count268
\column@=\count269
\maxfields@=\count270
\andhelp@=\toks19
\eqnshift@=\dimen148
\alignsep@=\dimen149
\tagshift@=\dimen150
\tagwidth@=\dimen151
\totwidth@=\dimen152
\lineht@=\dimen153
\@envbody=\toks20
\multlinegap=\skip51
\multlinetaggap=\skip52
\mathdisplay@stack=\toks21
LaTeX Info: Redefining \[ on input line 2938.
LaTeX Info: Redefining \] on input line 2939.
)
(/usr/local/texlive/2022/texmf-dist/tex/latex/amsfonts/amssymb.sty
Package: amssymb 2013/01/14 v3.01 AMS font symbols

(/usr/local/texlive/2022/texmf-dist/tex/latex/amsfonts/amsfonts.sty
Package: amsfonts 2013/01/14 v3.01 Basic AMSFonts support
\symAMSa=\mathgroup4
\symAMSb=\mathgroup5
LaTeX Font Info:    Redeclaring math symbol \hbar on input line 98.
LaTeX Font Info:    Overwriting math alphabet `\mathfrak' in version `bold'
(Font)                  U/euf/m/n --> U/euf/b/n on input line 106.
))
(/usr/local/texlive/2022/texmf-dist/tex/latex/fancyvrb/fancyvrb.sty
Package: fancyvrb 2021/12/21 4.1b verbatim text (tvz,hv)
\FV@CodeLineNo=\count271
\FV@InFile=\read2
\FV@TabBox=\box52
\c@FancyVerbLine=\count272
\FV@StepNumber=\count273
\FV@OutFile=\write3
)
(/usr/local/texlive/2022/texmf-dist/tex/latex/url/url.sty
\Urlmuskip=\muskip17
Package: url 2013/09/16  ver 3.4  Verb mode for urls, etc.
)
(/usr/local/texlive/2022/texmf-dist/tex/latex/upquote/upquote.sty
Package: upquote 2012/04/19 v1.3 upright-quote and grave-accent glyphs in verba
tim
)
(/usr/local/texlive/2022/texmf-dist/tex/latex/l3backend/l3backend-pdftex.def
File: l3backend-pdftex.def 2022-02-07 L3 backend support: PDF output (pdfTeX)
\l__color_backend_stack_int=\count274
\l__pdf_internal_box=\box53
)

LaTeX Warning: Unused global option(s):
    [9pt].

(./marray-notes.aux)
\openout1 = `marray-notes.aux'.

LaTeX Font Info:    Checking defaults for OML/cmm/m/it on input line 63.
LaTeX Font Info:    ... okay on input line 63.
LaTeX Font Info:    Checking defaults for OMS/cmsy/m/n on input line 63.
LaTeX Font Info:    ... okay on input line 63.
LaTeX Font Info:    Checking defaults for OT1/cmr/m/n on input line 63.
LaTeX Font Info:    ... okay on input line 63.
LaTeX Font Info:    Checking defaults for T1/cmr/m/n on input line 63.
LaTeX Font Info:    ... okay on input line 63.
LaTeX Font Info:    Checking defaults for TS1/cmr/m/n on input line 63.
LaTeX Font Info:    ... okay on input line 63.
LaTeX Font Info:    Checking defaults for OMX/cmex/m/n on input line 63.
LaTeX Font Info:    ... okay on input line 63.
LaTeX Font Info:    Checking defaults for U/cmr/m/n on input line 63.
LaTeX Font Info:    ... okay on input line 63.

(/usr/local/texlive/2022/texmf-dist/tex/context/base/mkii/supp-pdf.mkii
[Loading MPS to PDF converter (version 2006.09.02).]
\scratchcounter=\count275
\scratchdimen=\dimen154
\scratchbox=\box54
\nofMPsegments=\count276
\nofMParguments=\count277
\everyMPshowfont=\toks22
\MPscratchCnt=\count278
\MPscratchDim=\dimen155
\MPnumerator=\count279
\makeMPintoPDFobject=\count280
\everyMPtoPDFconversion=\toks23
) (/usr/local/texlive/2022/texmf-dist/tex/latex/epstopdf-pkg/epstopdf-base.sty
Package: epstopdf-base 2020-01-24 v2.11 Base part for package epstopdf
Package epstopdf-base Info: Redefining graphics rule for `.eps' on input line 4
85.

(/usr/local/texlive/2022/texmf-dist/tex/latex/latexconfig/epstopdf-sys.cfg
File: epstopdf-sys.cfg 2010/07/13 v1.3 Configuration of (r)epstopdf for TeX Liv
e
))
LaTeX Font Info:    Trying to load font information for U+msa on input line 69.


(/usr/local/texlive/2022/texmf-dist/tex/latex/amsfonts/umsa.fd
File: umsa.fd 2013/01/14 v3.01 AMS symbols A
)
LaTeX Font Info:    Trying to load font information for U+msb on input line 69.


(/usr/local/texlive/2022/texmf-dist/tex/latex/amsfonts/umsb.fd
File: umsb.fd 2013/01/14 v3.01 AMS symbols B
) [1

{/usr/local/texlive/2022/texmf-var/fonts/map/pdftex/updmap/pdftex.map}]
LaTeX Font Info:    Font shape `OT1/cmtt/bx/n' in size <10> not available
(Font)              Font shape `OT1/cmtt/m/n' tried instead on input line 173.

Overfull \hbox (18.15561pt too wide) in paragraph at lines 193--202
\OT1/cmr/m/n/10 They were then re-named back to \OT1/cmr/bx/it/10 *.spot\OT1/cm
r/m/n/10 . The R file-reading abil-i-ties that are used by \OT1/cmtt/m/n/10 rea
d.maimages()
 []

[2]
<figure/unnamed-chunk-2-1.pdf, id=20, 505.89pt x 505.89pt>
File: figure/unnamed-chunk-2-1.pdf Graphic file (type pdf)
<use figure/unnamed-chunk-2-1.pdf>
Package pdftex.def Info: figure/unnamed-chunk-2-1.pdf  used on input line 297.
(pdftex.def)             Requested size: 424.58624pt x 424.59732pt.

Overfull \hbox (15.0pt too wide) in paragraph at lines 297--302
[][]
 []

[3] [4 <./figure/unnamed-chunk-2-1.pdf>]
<figure/printseq-1.pdf, id=34, 505.89pt x 505.89pt>
File: figure/printseq-1.pdf Graphic file (type pdf)
<use figure/printseq-1.pdf>
Package pdftex.def Info: figure/printseq-1.pdf  used on input line 330.
(pdftex.def)             Requested size: 424.58624pt x 424.59732pt.

Overfull \hbox (15.0pt too wide) in paragraph at lines 330--332
[][]
 []

[5 <./figure/printseq-1.pdf>]
<figure/unnamed-chunk-5-1.pdf, id=43, 505.89pt x 505.89pt>
File: figure/unnamed-chunk-5-1.pdf Graphic file (type pdf)
<use figure/unnamed-chunk-5-1.pdf>
Package pdftex.def Info: figure/unnamed-chunk-5-1.pdf  used on input line 408.
(pdftex.def)             Requested size: 424.58624pt x 424.59732pt.

Overfull \hbox (15.0pt too wide) in paragraph at lines 408--414
[][]
 []

[6]
<figure/unnamed-chunk-6-1.pdf, id=49, 505.89pt x 505.89pt>
File: figure/unnamed-chunk-6-1.pdf Graphic file (type pdf)
<use figure/unnamed-chunk-6-1.pdf>
Package pdftex.def Info: figure/unnamed-chunk-6-1.pdf  used on input line 420.
(pdftex.def)             Requested size: 424.58624pt x 424.59732pt.

Overfull \hbox (15.0pt too wide) in paragraph at lines 420--422
[][]
 []

[7 <./figure/unnamed-chunk-5-1.pdf>]
Overfull \hbox (20.16151pt too wide) in paragraph at lines 448--454
[]\OT1/cmr/m/n/10 Other pos-si-bil-i-ties for \OT1/cmtt/m/n/10 device \OT1/cmr/
m/n/10 are \OT1/cmtt/m/n/10 device="ps"\OT1/cmr/m/n/10 , \OT1/cmtt/m/n/10 devic
e="png"\OT1/cmr/m/n/10 , \OT1/cmtt/m/n/10 device="jpeg" \OT1/cmr/m/n/10 and \OT
1/cmtt/m/n/10 device="bmp"\OT1/cmr/m/n/10 .
 []

[8 <./figure/unnamed-chunk-6-1.pdf>]
<figure/unnamed-chunk-7-1.pdf, id=67, 505.89pt x 505.89pt>
File: figure/unnamed-chunk-7-1.pdf Graphic file (type pdf)
<use figure/unnamed-chunk-7-1.pdf>
Package pdftex.def Info: figure/unnamed-chunk-7-1.pdf  used on input line 479.
(pdftex.def)             Requested size: 424.58624pt x 424.59732pt.

Overfull \hbox (15.0pt too wide) in paragraph at lines 479--484
[][]
 []

[9 <./figure/unnamed-chunk-7-1.pdf>]
<figure/unnamed-chunk-8-1.pdf, id=78, 505.89pt x 505.89pt>
File: figure/unnamed-chunk-8-1.pdf Graphic file (type pdf)
<use figure/unnamed-chunk-8-1.pdf>
Package pdftex.def Info: figure/unnamed-chunk-8-1.pdf  used on input line 507.
(pdftex.def)             Requested size: 424.58624pt x 424.59732pt.

Overfull \hbox (15.0pt too wide) in paragraph at lines 507--512
[][]
 []

[10 <./figure/unnamed-chunk-8-1.pdf>]
<figure/unnamed-chunk-9-1.pdf, id=87, 505.89pt x 505.89pt>
File: figure/unnamed-chunk-9-1.pdf Graphic file (type pdf)
<use figure/unnamed-chunk-9-1.pdf>
Package pdftex.def Info: figure/unnamed-chunk-9-1.pdf  used on input line 521.
(pdftex.def)             Requested size: 424.58624pt x 424.59732pt.

Overfull \hbox (15.0pt too wide) in paragraph at lines 521--525
[][]
 []

<figure/unnamed-chunk-11-1.pdf, id=88, 505.89pt x 505.89pt>
File: figure/unnamed-chunk-11-1.pdf Graphic file (type pdf)
<use figure/unnamed-chunk-11-1.pdf>
Package pdftex.def Info: figure/unnamed-chunk-11-1.pdf  used on input line 543.

(pdftex.def)             Requested size: 424.58624pt x 424.59732pt.

Overfull \hbox (15.0pt too wide) in paragraph at lines 543--547
[][]
 []

[11 <./figure/unnamed-chunk-9-1.pdf>]
<figure/unnamed-chunk-12-1.pdf, id=97, 505.89pt x 505.89pt>
File: figure/unnamed-chunk-12-1.pdf Graphic file (type pdf)
<use figure/unnamed-chunk-12-1.pdf>
Package pdftex.def Info: figure/unnamed-chunk-12-1.pdf  used on input line 563.

(pdftex.def)             Requested size: 424.58624pt x 424.59732pt.

Overfull \hbox (15.0pt too wide) in paragraph at lines 563--569
[][]
 []

[12 <./figure/unnamed-chunk-11-1.pdf>]
<figure/unnamed-chunk-13-1.pdf, id=106, 505.89pt x 505.89pt>
File: figure/unnamed-chunk-13-1.pdf Graphic file (type pdf)
<use figure/unnamed-chunk-13-1.pdf>
Package pdftex.def Info: figure/unnamed-chunk-13-1.pdf  used on input line 579.

(pdftex.def)             Requested size: 424.58624pt x 424.59732pt.

Overfull \hbox (15.0pt too wide) in paragraph at lines 579--586
[][]
 []

[13 <./figure/unnamed-chunk-12-1.pdf>]
<figure/unnamed-chunk-14-1.pdf, id=116, 505.89pt x 505.89pt>
File: figure/unnamed-chunk-14-1.pdf Graphic file (type pdf)
<use figure/unnamed-chunk-14-1.pdf>
Package pdftex.def Info: figure/unnamed-chunk-14-1.pdf  used on input line 596.

(pdftex.def)             Requested size: 424.58624pt x 424.59732pt.

Overfull \hbox (15.0pt too wide) in paragraph at lines 596--599
[][]
 []

[14 <./figure/unnamed-chunk-13-1.pdf>]
Overfull \hbox (59.0814pt too wide) in paragraph at lines 608--618
[][]
 []

[15 <./figure/unnamed-chunk-14-1.pdf>]
<figure/unnamed-chunk-17-1.pdf, id=134, 505.89pt x 505.89pt>
File: figure/unnamed-chunk-17-1.pdf Graphic file (type pdf)
<use figure/unnamed-chunk-17-1.pdf>
Package pdftex.def Info: figure/unnamed-chunk-17-1.pdf  used on input line 679.

(pdftex.def)             Requested size: 424.58624pt x 424.59732pt.

Overfull \hbox (15.0pt too wide) in paragraph at lines 679--689
[][]
 []

[16] [17 <./figure/unnamed-chunk-17-1.pdf>]
<figure/unnamed-chunk-19-1.pdf, id=149, 505.89pt x 505.89pt>
File: figure/unnamed-chunk-19-1.pdf Graphic file (type pdf)
<use figure/unnamed-chunk-19-1.pdf>
Package pdftex.def Info: figure/unnamed-chunk-19-1.pdf  used on input line 722.

(pdftex.def)             Requested size: 424.58624pt x 424.59732pt.

Overfull \hbox (15.0pt too wide) in paragraph at lines 722--724
[][]
 []

[18 <./figure/unnamed-chunk-19-1.pdf>]
<figure/unnamed-chunk-21-1.pdf, id=158, 505.89pt x 505.89pt>
File: figure/unnamed-chunk-21-1.pdf Graphic file (type pdf)
<use figure/unnamed-chunk-21-1.pdf>
Package pdftex.def Info: figure/unnamed-chunk-21-1.pdf  used on input line 778.

(pdftex.def)             Requested size: 424.58624pt x 424.59732pt.

Overfull \hbox (15.0pt too wide) in paragraph at lines 778--783
[][]
 []

[19]
<figure/unnamed-chunk-22-1.pdf, id=163, 505.89pt x 505.89pt>
File: figure/unnamed-chunk-22-1.pdf Graphic file (type pdf)
<use figure/unnamed-chunk-22-1.pdf>
Package pdftex.def Info: figure/unnamed-chunk-22-1.pdf  used on input line 788.

(pdftex.def)             Requested size: 424.58624pt x 424.59732pt.

Overfull \hbox (15.0pt too wide) in paragraph at lines 788--789
[][] 
 []

[20 <./figure/unnamed-chunk-21-1.pdf>]
<figure/unnamed-chunk-22-2.pdf, id=172, 505.89pt x 505.89pt>
File: figure/unnamed-chunk-22-2.pdf Graphic file (type pdf)
<use figure/unnamed-chunk-22-2.pdf>
Package pdftex.def Info: figure/unnamed-chunk-22-2.pdf  used on input line 794.

(pdftex.def)             Requested size: 424.58624pt x 424.59732pt.

Overfull \hbox (15.0pt too wide) in paragraph at lines 794--796
[][]
 []

[21 <./figure/unnamed-chunk-22-1.pdf>]
<figure/unnamed-chunk-23-1.pdf, id=182, 505.89pt x 505.89pt>
File: figure/unnamed-chunk-23-1.pdf Graphic file (type pdf)
<use figure/unnamed-chunk-23-1.pdf>
Package pdftex.def Info: figure/unnamed-chunk-23-1.pdf  used on input line 806.

(pdftex.def)             Requested size: 424.58624pt x 424.59732pt.

Overfull \hbox (15.0pt too wide) in paragraph at lines 806--809
[][]
 []

[22 <./figure/unnamed-chunk-22-2.pdf>]
<figure/unnamed-chunk-25-1.pdf, id=191, 505.89pt x 505.89pt>
File: figure/unnamed-chunk-25-1.pdf Graphic file (type pdf)
<use figure/unnamed-chunk-25-1.pdf>
Package pdftex.def Info: figure/unnamed-chunk-25-1.pdf  used on input line 831.

(pdftex.def)             Requested size: 424.58624pt x 424.59732pt.

Overfull \hbox (15.0pt too wide) in paragraph at lines 831--833
[][]
 []

[23 <./figure/unnamed-chunk-23-1.pdf>] [24 <./figure/unnamed-chunk-25-1.pdf>]
LaTeX Font Info:    Font shape `OT1/cmtt/bx/n' in size <12> not available
(Font)              Font shape `OT1/cmtt/m/n' tried instead on input line 878.
<figure/unnamed-chunk-29-1.pdf, id=209, 505.89pt x 505.89pt>
File: figure/unnamed-chunk-29-1.pdf Graphic file (type pdf)
<use figure/unnamed-chunk-29-1.pdf>
Package pdftex.def Info: figure/unnamed-chunk-29-1.pdf  used on input line 888.

(pdftex.def)             Requested size: 424.58624pt x 424.59732pt.

Overfull \hbox (15.0pt too wide) in paragraph at lines 888--892
[][]
 []

[25 <./figure/unnamed-chunk-29-1.pdf>] [26] (./marray-notes.aux) ) 
Here is how much of TeX's memory you used:
 3860 strings out of 478268
 60355 string characters out of 5846347
 355005 words of memory out of 5000000
 22006 multiletter control sequences out of 15000+600000
 479029 words of font info for 66 fonts, out of 8000000 for 9000
 1141 hyphenation exceptions out of 8191
 55i,8n,62p,293b,331s stack positions out of 10000i,1000n,20000p,200000b,200000s
{/usr/local/t
exlive/2022/texmf-dist/fonts/enc/dvips/cm-super/cm-super-ts1.enc}</usr/local/te
xlive/2022/texmf-dist/fonts/type1/public/amsfonts/cm/cmbx10.pfb></usr/local/tex
live/2022/texmf-dist/fonts/type1/public/amsfonts/cm/cmbx12.pfb></usr/local/texl
ive/2022/texmf-dist/fonts/type1/public/amsfonts/cm/cmbx8.pfb></usr/local/texliv
e/2022/texmf-dist/fonts/type1/public/amsfonts/cm/cmbxti10.pfb></usr/local/texli
ve/2022/texmf-dist/fonts/type1/public/amsfonts/cm/cmitt10.pfb></usr/local/texli
ve/2022/texmf-dist/fonts/type1/public/amsfonts/cm/cmmi10.pfb></usr/local/texliv
e/2022/texmf-dist/fonts/type1/public/amsfonts/cm/cmr10.pfb></usr/local/texlive/
2022/texmf-dist/fonts/type1/public/amsfonts/cm/cmr6.pfb></usr/local/texlive/202
2/texmf-dist/fonts/type1/public/amsfonts/cm/cmr7.pfb></usr/local/texlive/2022/t
exmf-dist/fonts/type1/public/amsfonts/cm/cmr8.pfb></usr/local/texlive/2022/texm
f-dist/fonts/type1/public/amsfonts/cm/cmr9.pfb></usr/local/texlive/2022/texmf-d
ist/fonts/type1/public/amsfonts/cm/cmsy10.pfb></usr/local/texlive/2022/texmf-di
st/fonts/type1/public/amsfonts/cm/cmsy6.pfb></usr/local/texlive/2022/texmf-dist
/fonts/type1/public/amsfonts/cm/cmti10.pfb></usr/local/texlive/2022/texmf-dist/
fonts/type1/public/amsfonts/cm/cmtt10.pfb></usr/local/texlive/2022/texmf-dist/f
onts/type1/public/amsfonts/cm/cmtt12.pfb></usr/local/texlive/2022/texmf-dist/fo
nts/type1/public/amsfonts/cm/cmtt8.pfb></usr/local/texlive/2022/texmf-dist/font
s/type1/public/amsfonts/cm/cmtt9.pfb></usr/local/texlive/2022/texmf-dist/fonts/
type1/public/cm-super/sfrm1000.pfb>
Output written on marray-notes.pdf (26 pages, 1607213 bytes).
PDF statistics:
 303 PDF objects out of 1000 (max. 8388607)
 197 compressed objects within 2 object streams
 0 named destinations out of 1000 (max. 500000)
 96 words of extra memory for PDF output out of 10000 (max. 10000000)

